2020-02-19 22:30:17 INFO  PluginTasksProjectComponent.projectOpened(77) - ---------- Project opened ----------
2020-02-19 22:30:17 INFO  PluginTasksProjectComponent.projectOpened(78) - ---------- Version 3.37 ----------

2020-02-19 22:30:17 INFO  PluginTasksProjectComponent.setAutoscrolls(366) - Autoscrolls successfully set
2020-02-19 22:30:18 INFO  ApacheHttpClient.isSessionAppropriateWithSecretKey(580) - The session is not set in the property file.
2020-02-19 22:30:18 INFO  ApacheHttpClient.login(246) - Waiting for server response.
2020-02-19 22:30:18 INFO  ApacheHttpClient.login(250) - responseCode = 200
2020-02-19 22:30:18 INFO  ApacheHttpClient.login(273) - JSESSIONID OK
2020-02-19 22:30:18 INFO  ApacheHttpClient.refreshUserInfo(301) - responseCode = 200
2020-02-19 22:30:18 INFO  ApacheHttpClient.refreshUserInfo(307) - User information received.
2020-02-19 22:30:18 INFO  ApacheHttpClient.startGA(35) - GAService started.
2020-02-19 22:30:18 INFO  AbstractRestApiClient.startService(71) - EventsService started.
2020-02-19 22:30:27 INFO  ApacheHttpClient.getWebResourceAsStream(493) - responseCode = 200
2020-02-19 22:30:43 INFO  ApacheHttpClient.getWebResourceAsStream(493) - responseCode = 200
2020-02-19 22:30:48 WARN  PluginUtil.chooseTasksFolder(445) - No folder selected for the project!
2020-02-19 22:30:55 INFO  ApacheHttpClient.getWebResourceAsStream(493) - responseCode = 200
2020-02-19 22:31:01 INFO  ApacheHttpClient.getWebResourceAsStream(493) - responseCode = 200
2020-02-19 22:31:15 INFO  ApacheHttpClient.getWebResourceAsStream(493) - responseCode = 200
2020-02-19 22:31:39 INFO  ApacheHttpClient.getWebResourceAsStream(493) - responseCode = 200
2020-02-19 22:31:40 INFO  ApacheHttpClient.getFilteredTasks(332) - responseCode = 200
2020-02-19 22:31:55 INFO  ApacheHttpClient.getFilteredTasks(332) - responseCode = 200
2020-02-19 22:32:00 INFO  ApacheHttpClient.getFilteredTasks(332) - responseCode = 200
2020-02-19 22:32:03 INFO  ApacheHttpClient.getTaskTemplateInfo(349) - responseCode = 200
2020-02-19 22:32:03 INFO  ApacheHttpClient.getTaskTemplateInfo(349) - responseCode = 200
2020-02-19 22:32:05 INFO  ApacheHttpClient.getWebResourceAsStream(493) - responseCode = 200
2020-02-19 22:32:05 INFO  ApacheHttpClient.getWebResourceAsStream(493) - responseCode = 200
2020-02-19 22:32:18 INFO  ApacheHttpClient.sendEvent(526) - responseCode = 200
2020-02-19 22:33:18 INFO  ApacheHttpClient.sendEvent(526) - responseCode = 200
2020-02-19 22:34:19 INFO  ApacheHttpClient.sendEvent(526) - responseCode = 200
2020-02-19 22:35:18 INFO  ApacheHttpClient.sendEvent(526) - responseCode = 200
2020-02-19 22:36:18 INFO  ApacheHttpClient.sendEvent(526) - responseCode = 200
2020-02-19 22:37:18 INFO  ApacheHttpClient.sendEvent(526) - responseCode = 200
2020-02-19 22:38:18 INFO  ApacheHttpClient.sendEvent(526) - responseCode = 200
2020-02-19 22:39:18 INFO  ApacheHttpClient.sendEvent(526) - responseCode = 200
2020-02-19 22:40:18 INFO  ApacheHttpClient.sendEvent(526) - responseCode = 200
2020-02-19 22:41:18 INFO  ApacheHttpClient.sendEvent(526) - responseCode = 200
2020-02-19 22:42:18 INFO  ApacheHttpClient.sendEvent(526) - responseCode = 200
2020-02-19 22:43:18 INFO  ApacheHttpClient.sendEvent(526) - responseCode = 200
2020-02-19 22:44:18 INFO  ApacheHttpClient.sendEvent(526) - responseCode = 200
2020-02-19 22:45:18 INFO  ApacheHttpClient.sendEvent(526) - responseCode = 200
2020-02-19 22:46:18 INFO  ApacheHttpClient.sendEvent(526) - responseCode = 200
2020-02-19 22:47:18 INFO  ApacheHttpClient.sendEvent(526) - responseCode = 200
2020-02-19 22:48:18 INFO  ApacheHttpClient.sendEvent(526) - responseCode = 200
2020-02-19 22:49:18 INFO  ApacheHttpClient.sendEvent(526) - responseCode = 200
2020-02-19 22:50:18 INFO  ApacheHttpClient.sendEvent(526) - responseCode = 200
2020-02-19 22:51:18 INFO  ApacheHttpClient.sendEvent(526) - responseCode = 200
2020-02-19 22:52:19 INFO  ApacheHttpClient.sendEvent(526) - responseCode = 200
2020-02-19 22:53:18 INFO  ApacheHttpClient.sendEvent(526) - responseCode = 200
2020-02-19 22:54:18 INFO  ApacheHttpClient.sendEvent(526) - responseCode = 200
2020-02-19 22:55:18 INFO  ApacheHttpClient.sendEvent(526) - responseCode = 200
2020-02-19 22:56:18 INFO  ApacheHttpClient.sendEvent(526) - responseCode = 200
2020-02-19 22:57:18 INFO  ApacheHttpClient.sendEvent(526) - responseCode = 200
2020-02-19 22:58:18 INFO  ApacheHttpClient.sendEvent(526) - responseCode = 200
2020-02-19 22:59:18 INFO  ApacheHttpClient.sendEvent(526) - responseCode = 200
2020-02-19 23:00:18 INFO  ApacheHttpClient.sendEvent(526) - responseCode = 200
2020-02-19 23:01:18 INFO  ApacheHttpClient.sendEvent(526) - responseCode = 200
2020-02-19 23:02:18 INFO  ApacheHttpClient.sendEvent(526) - responseCode = 200
2020-02-19 23:03:18 INFO  ApacheHttpClient.sendEvent(526) - responseCode = 200
2020-02-19 23:04:18 INFO  ApacheHttpClient.sendEvent(526) - responseCode = 200
2020-02-19 23:05:18 INFO  ApacheHttpClient.sendEvent(526) - responseCode = 200
2020-02-19 23:06:18 INFO  ApacheHttpClient.sendEvent(526) - responseCode = 200
2020-02-19 23:07:18 INFO  ApacheHttpClient.sendEvent(526) - responseCode = 200
2020-02-19 23:08:18 INFO  ApacheHttpClient.sendEvent(526) - responseCode = 200
2020-02-19 23:09:18 INFO  ApacheHttpClient.sendEvent(526) - responseCode = 200
2020-02-19 23:10:18 INFO  ApacheHttpClient.sendEvent(526) - responseCode = 200
2020-02-19 23:11:18 INFO  ApacheHttpClient.sendEvent(526) - responseCode = 200
2020-02-19 23:12:18 INFO  ApacheHttpClient.sendEvent(526) - responseCode = 200
2020-02-19 23:13:18 INFO  ApacheHttpClient.sendEvent(526) - responseCode = 200
2020-02-19 23:14:18 INFO  ApacheHttpClient.sendEvent(526) - responseCode = 200
2020-02-19 23:15:19 INFO  ApacheHttpClient.sendEvent(526) - responseCode = 200
2020-02-19 23:16:18 INFO  ApacheHttpClient.sendEvent(526) - responseCode = 200
2020-02-19 23:17:18 INFO  ApacheHttpClient.sendEvent(526) - responseCode = 200
2020-02-19 23:18:18 INFO  ApacheHttpClient.sendEvent(526) - responseCode = 200
2020-02-19 23:19:18 INFO  ApacheHttpClient.sendEvent(526) - responseCode = 200
2020-02-19 23:20:18 INFO  ApacheHttpClient.sendEvent(526) - responseCode = 200
2020-02-19 23:21:18 INFO  ApacheHttpClient.sendEvent(526) - responseCode = 200
2020-02-19 23:22:18 INFO  ApacheHttpClient.sendEvent(526) - responseCode = 200
2020-02-19 23:23:18 INFO  ApacheHttpClient.sendEvent(526) - responseCode = 200
2020-02-19 23:24:18 INFO  ApacheHttpClient.sendEvent(526) - responseCode = 200
2020-02-19 23:25:18 INFO  ApacheHttpClient.sendEvent(526) - responseCode = 200
2020-02-19 23:26:18 INFO  ApacheHttpClient.sendEvent(526) - responseCode = 200
2020-02-19 23:27:18 INFO  ApacheHttpClient.sendEvent(526) - responseCode = 200
2020-02-19 23:28:18 INFO  ApacheHttpClient.sendEvent(526) - responseCode = 200
2020-02-19 23:29:18 INFO  ApacheHttpClient.sendEvent(526) - responseCode = 200
2020-02-19 23:30:18 INFO  ApacheHttpClient.sendEvent(526) - responseCode = 200
2020-02-19 23:31:18 INFO  ApacheHttpClient.sendEvent(526) - responseCode = 200
2020-02-19 23:32:18 INFO  ApacheHttpClient.sendEvent(526) - responseCode = 200
2020-02-19 23:33:18 INFO  ApacheHttpClient.sendEvent(526) - responseCode = 200
2020-02-19 23:34:18 INFO  ApacheHttpClient.sendEvent(526) - responseCode = 200
2020-02-19 23:35:18 INFO  ApacheHttpClient.sendEvent(526) - responseCode = 200
2020-02-19 23:36:18 INFO  ApacheHttpClient.sendEvent(526) - responseCode = 200
2020-02-19 23:37:18 INFO  ApacheHttpClient.sendEvent(526) - responseCode = 200
2020-02-19 23:38:18 INFO  ApacheHttpClient.sendEvent(526) - responseCode = 200
2020-02-19 23:39:18 INFO  ApacheHttpClient.sendEvent(526) - responseCode = 200
2020-02-19 23:40:18 INFO  ApacheHttpClient.sendEvent(526) - responseCode = 200
2020-02-19 23:41:18 INFO  ApacheHttpClient.sendEvent(526) - responseCode = 200
2020-02-19 23:42:18 INFO  ApacheHttpClient.sendEvent(526) - responseCode = 200
2020-02-19 23:43:18 INFO  ApacheHttpClient.sendEvent(526) - responseCode = 200
2020-02-19 23:44:18 INFO  ApacheHttpClient.sendEvent(526) - responseCode = 200
2020-02-19 23:45:00 INFO  PluginTasksProjectComponent.projectClosing(188) - ---------- Project closed ----------

2020-02-19 23:45:00 INFO  ApacheHttpClient.getTask(479) - responseCode = 200
2020-02-20 15:29:11 INFO  PluginTasksProjectComponent.projectOpened(77) - ---------- Project opened ----------
2020-02-20 15:29:11 INFO  PluginTasksProjectComponent.projectOpened(78) - ---------- Version 3.37 ----------

2020-02-20 15:29:11 INFO  PluginTasksProjectComponent.setAutoscrolls(366) - Autoscrolls successfully set
2020-02-20 15:29:12 INFO  ApacheHttpClient.createAsyncHttpClient(143) - 1 proxies selected. Type: DIRECT
2020-02-20 15:29:12 INFO  ApacheHttpClient.<init>(94) - ApacheHttpClient was successfully instantiated.
2020-02-20 15:29:14 INFO  ApacheHttpClient.testConnection(201) - responseCode = 200
2020-02-20 15:29:14 INFO  ApacheHttpClient.testConnection(216) - result = true
2020-02-20 15:29:14 INFO  ApacheHttpClient.isSessionAppropriateWithSecretKey(593) - Waiting for server response.
2020-02-20 15:29:14 INFO  ApacheHttpClient.refreshUserInfo(301) - responseCode = 200
2020-02-20 15:29:15 INFO  ApacheHttpClient.refreshUserInfo(307) - User information received.
2020-02-20 15:29:15 INFO  ApacheHttpClient.startGA(35) - GAService started.
2020-02-20 15:29:15 INFO  AbstractRestApiClient.startService(71) - EventsService started.
2020-02-20 17:03:23 INFO  ApacheHttpClient.getWebResourceAsStream(493) - responseCode = 200
2020-02-20 17:03:24 INFO  ApacheHttpClient.getFilteredTasks(332) - responseCode = 200
2020-02-20 17:05:46 INFO  ApacheHttpClient.getTaskTemplateInfo(349) - responseCode = 200
2020-02-20 17:05:54 INFO  ApacheHttpClient.getWebResourceAsStream(493) - responseCode = 200
2020-02-20 17:06:15 INFO  ApacheHttpClient.sendEvent(526) - responseCode = 200
2020-02-20 17:07:15 INFO  ApacheHttpClient.sendEvent(526) - responseCode = 200
2020-02-20 17:08:15 INFO  ApacheHttpClient.sendEvent(526) - responseCode = 200
2020-02-20 17:09:15 INFO  ApacheHttpClient.sendEvent(526) - responseCode = 200
2020-02-20 17:10:15 INFO  ApacheHttpClient.sendEvent(526) - responseCode = 200
2020-02-20 17:11:15 INFO  ApacheHttpClient.sendEvent(526) - responseCode = 200
2020-02-20 17:11:20 INFO  PluginTasksProjectComponent.projectClosing(188) - ---------- Project closed ----------

2020-02-20 17:11:21 INFO  ApacheHttpClient.getTask(479) - responseCode = 200
2020-02-20 18:36:33 INFO  PluginTasksProjectComponent.projectOpened(77) - ---------- Project opened ----------
2020-02-20 18:36:33 INFO  PluginTasksProjectComponent.projectOpened(78) - ---------- Version 3.37 ----------

2020-02-20 18:36:33 INFO  ApacheHttpClient.createAsyncHttpClient(143) - 1 proxies selected. Type: DIRECT
2020-02-20 18:36:33 INFO  ApacheHttpClient.<init>(94) - ApacheHttpClient was successfully instantiated.
2020-02-20 18:36:34 INFO  ApacheHttpClient.testConnection(201) - responseCode = 200
2020-02-20 18:36:34 INFO  ApacheHttpClient.testConnection(216) - result = true
2020-02-20 18:36:34 INFO  ApacheHttpClient.isSessionAppropriateWithSecretKey(593) - Waiting for server response.
2020-02-20 18:36:34 INFO  ApacheHttpClient.isSessionAppropriateWithSecretKey(593) - Waiting for server response.
2020-02-20 18:36:35 INFO  ApacheHttpClient.refreshUserInfo(301) - responseCode = 200
2020-02-20 18:36:35 INFO  ApacheHttpClient.refreshUserInfo(307) - User information received.
2020-02-20 18:36:35 INFO  ApacheHttpClient.startGA(35) - GAService started.
2020-02-20 18:36:35 INFO  AbstractRestApiClient.startService(71) - EventsService started.
2020-02-20 18:36:40 INFO  ApacheHttpClient.getWebResourceAsStream(493) - responseCode = 200
2020-02-20 18:37:35 INFO  ApacheHttpClient.sendEvent(526) - responseCode = 200
2020-02-20 18:38:35 INFO  ApacheHttpClient.sendEvent(526) - responseCode = 200
2020-02-20 18:39:35 INFO  ApacheHttpClient.sendEvent(526) - responseCode = 200
2020-02-20 18:40:35 INFO  ApacheHttpClient.sendEvent(526) - responseCode = 200
2020-02-20 18:41:35 INFO  ApacheHttpClient.sendEvent(526) - responseCode = 200
2020-02-20 18:42:35 INFO  ApacheHttpClient.sendEvent(526) - responseCode = 200
2020-02-20 18:43:35 INFO  ApacheHttpClient.sendEvent(526) - responseCode = 200
2020-02-20 18:44:35 INFO  ApacheHttpClient.sendEvent(526) - responseCode = 200
2020-02-20 18:45:35 INFO  ApacheHttpClient.sendEvent(526) - responseCode = 200
2020-02-20 18:46:35 INFO  ApacheHttpClient.sendEvent(526) - responseCode = 200
2020-02-20 18:47:35 INFO  ApacheHttpClient.sendEvent(526) - responseCode = 200
2020-02-20 18:48:35 INFO  ApacheHttpClient.sendEvent(526) - responseCode = 200
2020-02-20 18:49:35 INFO  ApacheHttpClient.sendEvent(526) - responseCode = 200
2020-02-20 18:50:35 INFO  ApacheHttpClient.sendEvent(526) - responseCode = 200
2020-02-20 18:51:35 INFO  ApacheHttpClient.sendEvent(526) - responseCode = 200
2020-02-20 18:52:35 INFO  ApacheHttpClient.sendEvent(526) - responseCode = 200
2020-02-20 18:53:35 INFO  ApacheHttpClient.sendEvent(526) - responseCode = 200
2020-02-20 18:54:35 INFO  ApacheHttpClient.sendEvent(526) - responseCode = 200
2020-02-20 18:55:35 INFO  ApacheHttpClient.sendEvent(526) - responseCode = 200
2020-02-20 18:56:35 INFO  ApacheHttpClient.sendEvent(526) - responseCode = 200
2020-02-20 18:57:35 INFO  ApacheHttpClient.sendEvent(526) - responseCode = 200
2020-02-20 18:58:35 INFO  ApacheHttpClient.sendEvent(526) - responseCode = 200
2020-02-20 18:59:35 INFO  ApacheHttpClient.sendEvent(526) - responseCode = 200
2020-02-20 19:00:35 INFO  ApacheHttpClient.sendEvent(526) - responseCode = 200
2020-02-20 19:01:35 INFO  ApacheHttpClient.sendEvent(526) - responseCode = 200
2020-02-20 19:02:35 INFO  ApacheHttpClient.sendEvent(526) - responseCode = 200
2020-02-20 19:03:35 INFO  ApacheHttpClient.sendEvent(526) - responseCode = 200
2020-02-20 19:04:35 INFO  ApacheHttpClient.sendEvent(526) - responseCode = 200
2020-02-20 19:05:35 INFO  ApacheHttpClient.sendEvent(526) - responseCode = 200
2020-02-20 19:06:35 INFO  ApacheHttpClient.sendEvent(526) - responseCode = 200
2020-02-20 19:07:35 INFO  ApacheHttpClient.sendEvent(526) - responseCode = 200
2020-02-20 19:08:35 INFO  ApacheHttpClient.sendEvent(526) - responseCode = 200
2020-02-20 19:09:35 INFO  ApacheHttpClient.sendEvent(526) - responseCode = 200
2020-02-20 19:10:35 INFO  ApacheHttpClient.sendEvent(526) - responseCode = 200
2020-02-20 19:11:35 INFO  ApacheHttpClient.sendEvent(526) - responseCode = 200
2020-02-20 19:12:35 INFO  ApacheHttpClient.sendEvent(526) - responseCode = 200
2020-02-20 19:13:35 INFO  ApacheHttpClient.sendEvent(526) - responseCode = 200
2020-02-20 19:14:35 INFO  ApacheHttpClient.sendEvent(526) - responseCode = 200
2020-02-20 19:15:35 INFO  ApacheHttpClient.sendEvent(526) - responseCode = 200
2020-02-20 19:16:35 INFO  ApacheHttpClient.sendEvent(526) - responseCode = 200
2020-02-20 19:17:35 INFO  ApacheHttpClient.sendEvent(526) - responseCode = 200
2020-02-20 19:18:35 INFO  ApacheHttpClient.sendEvent(526) - responseCode = 200
2020-02-20 19:19:35 INFO  ApacheHttpClient.sendEvent(526) - responseCode = 200
2020-02-20 19:20:35 INFO  ApacheHttpClient.sendEvent(526) - responseCode = 200
2020-02-20 19:21:35 INFO  ApacheHttpClient.sendEvent(526) - responseCode = 200
2020-02-20 19:22:35 INFO  ApacheHttpClient.sendEvent(526) - responseCode = 200
2020-02-20 19:23:35 INFO  ApacheHttpClient.sendEvent(526) - responseCode = 200
2020-02-20 19:24:35 INFO  ApacheHttpClient.sendEvent(526) - responseCode = 200
2020-02-20 19:25:35 INFO  ApacheHttpClient.sendEvent(526) - responseCode = 200
2020-02-20 19:26:35 INFO  ApacheHttpClient.sendEvent(526) - responseCode = 200
2020-02-20 19:27:35 INFO  ApacheHttpClient.sendEvent(526) - responseCode = 200
2020-02-20 19:28:35 INFO  ApacheHttpClient.sendEvent(526) - responseCode = 200
2020-02-20 19:29:35 INFO  ApacheHttpClient.sendEvent(526) - responseCode = 200
2020-02-20 19:30:35 INFO  ApacheHttpClient.sendEvent(526) - responseCode = 200
2020-02-20 19:31:35 INFO  ApacheHttpClient.sendEvent(526) - responseCode = 200
2020-02-20 19:32:35 INFO  ApacheHttpClient.sendEvent(526) - responseCode = 200
2020-02-20 19:33:35 INFO  ApacheHttpClient.sendEvent(526) - responseCode = 200
2020-02-20 19:34:35 INFO  ApacheHttpClient.sendEvent(526) - responseCode = 200
2020-02-20 19:35:35 INFO  ApacheHttpClient.sendEvent(526) - responseCode = 200
2020-02-20 19:36:35 INFO  ApacheHttpClient.sendEvent(526) - responseCode = 200
2020-02-20 19:37:35 INFO  ApacheHttpClient.sendEvent(526) - responseCode = 200
2020-02-20 19:38:35 INFO  ApacheHttpClient.sendEvent(526) - responseCode = 200
2020-02-20 19:39:35 INFO  ApacheHttpClient.sendEvent(526) - responseCode = 200
2020-02-20 19:40:35 INFO  ApacheHttpClient.sendEvent(526) - responseCode = 200
2020-02-20 19:41:35 INFO  ApacheHttpClient.sendEvent(526) - responseCode = 200
2020-02-20 19:42:35 INFO  ApacheHttpClient.sendEvent(526) - responseCode = 200
2020-02-20 19:43:35 INFO  ApacheHttpClient.sendEvent(526) - responseCode = 200
2020-02-20 19:44:35 INFO  ApacheHttpClient.sendEvent(526) - responseCode = 200
2020-02-20 19:45:35 INFO  ApacheHttpClient.sendEvent(526) - responseCode = 200
2020-02-20 19:46:35 INFO  ApacheHttpClient.sendEvent(526) - responseCode = 200
2020-02-20 19:47:35 INFO  ApacheHttpClient.sendEvent(526) - responseCode = 200
2020-02-20 19:48:19 INFO  ApacheHttpClient.getWebResourceAsStream(493) - responseCode = 200
2020-02-20 19:48:19 INFO  ApacheHttpClient.getWebResourceAsStream(493) - responseCode = 200
2020-02-20 19:48:19 INFO  ApacheHttpClient.getTask(479) - responseCode = 200
2020-02-20 19:48:20 INFO  ApacheHttpClient.completed(28) - responseCode = 200
2020-02-20 19:48:20 INFO  ApacheHttpClient.getTask(479) - responseCode = 200
2020-02-20 19:48:35 INFO  ApacheHttpClient.sendEvent(526) - responseCode = 200
2020-02-20 19:49:35 INFO  ApacheHttpClient.sendEvent(526) - responseCode = 200
2020-02-20 19:50:35 INFO  ApacheHttpClient.sendEvent(526) - responseCode = 200
2020-02-20 19:51:35 INFO  ApacheHttpClient.sendEvent(526) - responseCode = 200
2020-02-20 19:52:35 INFO  ApacheHttpClient.sendEvent(526) - responseCode = 200
2020-02-20 19:53:35 INFO  ApacheHttpClient.sendEvent(526) - responseCode = 200
2020-02-20 19:54:35 INFO  ApacheHttpClient.sendEvent(526) - responseCode = 200
2020-02-20 19:55:30 INFO  ApacheHttpClient.getWebResourceAsStream(493) - responseCode = 200
2020-02-20 19:55:30 INFO  ApacheHttpClient.getFilteredTasks(332) - responseCode = 200
2020-02-20 19:55:33 INFO  ApacheHttpClient.getTaskTemplateInfo(349) - responseCode = 200
2020-02-20 19:55:33 INFO  ApacheHttpClient.getWebResourceAsStream(493) - responseCode = 200
2020-02-20 19:55:35 INFO  ApacheHttpClient.sendEvent(526) - responseCode = 200
2020-02-20 19:56:35 INFO  ApacheHttpClient.sendEvent(526) - responseCode = 200
2020-02-20 19:57:35 INFO  ApacheHttpClient.sendEvent(526) - responseCode = 200
2020-02-20 19:58:35 INFO  ApacheHttpClient.sendEvent(526) - responseCode = 200
2020-02-20 19:59:35 INFO  ApacheHttpClient.sendEvent(526) - responseCode = 200
2020-02-20 20:00:35 INFO  ApacheHttpClient.sendEvent(526) - responseCode = 200
2020-02-20 20:01:35 INFO  ApacheHttpClient.sendEvent(526) - responseCode = 200
2020-02-20 20:02:35 INFO  ApacheHttpClient.sendEvent(526) - responseCode = 200
2020-02-20 20:03:35 INFO  ApacheHttpClient.sendEvent(526) - responseCode = 200
2020-02-20 20:04:35 INFO  ApacheHttpClient.sendEvent(526) - responseCode = 200
2020-02-20 20:05:01 INFO  ApacheHttpClient.getWebResourceAsStream(493) - responseCode = 200
2020-02-20 20:05:01 INFO  ApacheHttpClient.getWebResourceAsStream(493) - responseCode = 200
2020-02-20 20:05:01 INFO  ApacheHttpClient.getTask(479) - responseCode = 200
2020-02-20 20:05:02 INFO  ApacheHttpClient.completed(28) - responseCode = 200
2020-02-20 20:05:02 INFO  ApacheHttpClient.getTask(479) - responseCode = 200
2020-02-20 20:05:35 INFO  ApacheHttpClient.sendEvent(526) - responseCode = 200
2020-02-20 20:06:35 INFO  ApacheHttpClient.sendEvent(526) - responseCode = 200
2020-02-20 20:13:38 INFO  PluginTasksProjectComponent.projectClosing(188) - ---------- Project closed ----------

2020-02-20 20:13:39 INFO  ApacheHttpClient.getTask(479) - responseCode = 200
2020-02-20 20:13:39 INFO  ApacheHttpClient.getTask(479) - responseCode = 200
2020-02-21 14:00:15 INFO  PluginTasksProjectComponent.projectOpened(77) - ---------- Project opened ----------
2020-02-21 14:00:15 INFO  PluginTasksProjectComponent.projectOpened(78) - ---------- Version 3.37 ----------

2020-02-21 14:00:15 INFO  ApacheHttpClient.createAsyncHttpClient(143) - 1 proxies selected. Type: DIRECT
2020-02-21 14:00:15 INFO  ApacheHttpClient.<init>(94) - ApacheHttpClient was successfully instantiated.
2020-02-21 14:00:16 INFO  ApacheHttpClient.testConnection(201) - responseCode = 200
2020-02-21 14:00:16 INFO  ApacheHttpClient.testConnection(216) - result = true
2020-02-21 14:00:16 INFO  ApacheHttpClient.isSessionAppropriateWithSecretKey(593) - Waiting for server response.
2020-02-21 14:00:17 INFO  ApacheHttpClient.refreshUserInfo(301) - responseCode = 200
2020-02-21 14:00:17 INFO  ApacheHttpClient.refreshUserInfo(307) - User information received.
2020-02-21 14:00:17 INFO  ApacheHttpClient.startGA(35) - GAService started.
2020-02-21 14:00:17 INFO  AbstractRestApiClient.startService(71) - EventsService started.
2020-02-21 14:13:55 INFO  ApacheHttpClient.getWebResourceAsStream(493) - responseCode = 200
2020-02-21 14:13:55 INFO  ApacheHttpClient.getFilteredTasks(332) - responseCode = 200
2020-02-21 14:14:02 INFO  ApacheHttpClient.getFilteredTasks(332) - responseCode = 200
2020-02-21 14:14:09 INFO  ApacheHttpClient.getFilteredTasks(332) - responseCode = 200
2020-02-21 14:14:15 INFO  ApacheHttpClient.getFilteredTasks(332) - responseCode = 200
2020-02-21 14:14:17 INFO  ApacheHttpClient.getTaskTemplateInfo(349) - responseCode = 200
2020-02-21 14:14:23 INFO  ApacheHttpClient.getWebResourceAsStream(493) - responseCode = 200
2020-02-21 14:15:17 INFO  ApacheHttpClient.sendEvent(526) - responseCode = 200
2020-02-21 14:18:25 INFO  ApacheHttpClient.getWebResourceAsStream(493) - responseCode = 200
2020-02-21 14:19:17 INFO  ApacheHttpClient.sendEvent(526) - responseCode = 200
